0 info it worked if it ends with ok
1 verbose cli [ 'C:\\Program Files\\nodejs\\node.exe',
1 verbose cli   'C:\\Program Files\\nodejs\\node_modules\\npm\\bin\\npm-cli.js',
1 verbose cli   'publish' ]
2 info using npm@2.15.9
3 info using node@v4.5.0
4 verbose publish [ '.' ]
5 silly cache add args [ '.', null ]
6 verbose cache add spec .
7 silly cache add parsed spec Result {
7 silly cache add   raw: '.',
7 silly cache add   scope: null,
7 silly cache add   name: null,
7 silly cache add   rawSpec: '.',
7 silly cache add   spec: 'C:\\Estudos\\NodeJs\\plugin\\hexo-deployer-azure-blob-storage',
7 silly cache add   type: 'directory' }
8 verbose addLocalDirectory C:\Users\usuario\AppData\Roaming\npm-cache\hexo-deployer-azure-blob-storage\1.0.1\package.tgz not in flight; packing
9 verbose correctMkdir C:\Users\usuario\AppData\Roaming\npm-cache correctMkdir not in flight; initializing
10 verbose tar pack [ 'C:\\Users\\usuario\\AppData\\Roaming\\npm-cache\\hexo-deployer-azure-blob-storage\\1.0.1\\package.tgz',
10 verbose tar pack   'C:\\Estudos\\NodeJs\\plugin\\hexo-deployer-azure-blob-storage' ]
11 verbose tarball C:\Users\usuario\AppData\Roaming\npm-cache\hexo-deployer-azure-blob-storage\1.0.1\package.tgz
12 verbose folder C:\Estudos\NodeJs\plugin\hexo-deployer-azure-blob-storage
13 info prepublish hexo-deployer-azure-blob-storage@1.0.1
14 verbose addLocalTarball adding from inside cache C:\Users\usuario\AppData\Roaming\npm-cache\hexo-deployer-azure-blob-storage\1.0.1\package.tgz
15 verbose correctMkdir C:\Users\usuario\AppData\Roaming\npm-cache correctMkdir not in flight; initializing
16 silly cache afterAdd hexo-deployer-azure-blob-storage@1.0.1
17 verbose afterAdd C:\Users\usuario\AppData\Roaming\npm-cache\hexo-deployer-azure-blob-storage\1.0.1\package\package.json not in flight; writing
18 verbose correctMkdir C:\Users\usuario\AppData\Roaming\npm-cache correctMkdir not in flight; initializing
19 verbose afterAdd C:\Users\usuario\AppData\Roaming\npm-cache\hexo-deployer-azure-blob-storage\1.0.1\package\package.json written
20 silly publish { name: 'hexo-deployer-azure-blob-storage',
20 silly publish   version: '1.0.1',
20 silly publish   description: 'Azure Blob Storage deployer plugin for Hexo',
20 silly publish   main: 'index.js',
20 silly publish   scripts: { test: 'echo "Error: no test specified" && exit 1' },
20 silly publish   repository:
20 silly publish    { type: 'git',
20 silly publish      url: 'git+https://github.com/thdotnet/hexo-deployer-azure-blob-storage.git' },
20 silly publish   keywords:
20 silly publish    [ 'azure',
20 silly publish      'storage',
20 silly publish      'hexo',
20 silly publish      'blob',
20 silly publish      'storage',
20 silly publish      'azure',
20 silly publish      'blob',
20 silly publish      'storage',
20 silly publish      'hexo',
20 silly publish      'deployer' ],
20 silly publish   author: { name: 'Thiago Custodio - @thdotnet' },
20 silly publish   license: 'MIT',
20 silly publish   bugs: { url: 'https://github.com/thdotnet/hexo-deployer-azure-blob-storage/issues' },
20 silly publish   homepage: 'https://github.com/thdotnet/hexo-deployer-azure-blob-storage#readme',
20 silly publish   readme: '# hexo-deployer-azure-blob-storage\r\nAzure Blob Storage deployer plugin for Hexo\r\n',
20 silly publish   readmeFilename: 'README.md',
20 silly publish   gitHead: '91ba172989afea48c23c0cacbd864f7260f271bb',
20 silly publish   _id: 'hexo-deployer-azure-blob-storage@1.0.1',
20 silly publish   _shasum: 'a803fea1390f07530a6e77911ea30883a0ddba27',
20 silly publish   _from: '.' }
21 verbose getPublishConfig undefined
22 silly mapToRegistry name hexo-deployer-azure-blob-storage
23 silly mapToRegistry using default registry
24 silly mapToRegistry registry https://registry.npmjs.org/
25 silly mapToRegistry data Result {
25 silly mapToRegistry   raw: 'hexo-deployer-azure-blob-storage',
25 silly mapToRegistry   scope: null,
25 silly mapToRegistry   name: 'hexo-deployer-azure-blob-storage',
25 silly mapToRegistry   rawSpec: '',
25 silly mapToRegistry   spec: 'latest',
25 silly mapToRegistry   type: 'tag' }
26 silly mapToRegistry uri https://registry.npmjs.org/hexo-deployer-azure-blob-storage
27 verbose publish registryBase https://registry.npmjs.org/
28 silly publish uploading C:\Users\usuario\AppData\Roaming\npm-cache\hexo-deployer-azure-blob-storage\1.0.1\package.tgz
29 verbose request uri https://registry.npmjs.org/hexo-deployer-azure-blob-storage
30 verbose request sending authorization for write operation
31 info attempt registry request try #1 at 20:35:28
32 verbose request using bearer token for auth
33 verbose request id 5a90ca1700fe3aa9
34 http request PUT https://registry.npmjs.org/hexo-deployer-azure-blob-storage
35 http 403 https://registry.npmjs.org/hexo-deployer-azure-blob-storage
36 verbose headers { 'content-type': 'application/json',
36 verbose headers   'cache-control': 'max-age=300',
36 verbose headers   'content-length': '95',
36 verbose headers   'accept-ranges': 'bytes',
36 verbose headers   date: 'Fri, 21 Oct 2016 22:35:40 GMT',
36 verbose headers   via: '1.1 varnish',
36 verbose headers   connection: 'keep-alive',
36 verbose headers   'x-served-by': 'cache-akl6420-AKL',
36 verbose headers   'x-cache': 'MISS',
36 verbose headers   'x-cache-hits': '0',
36 verbose headers   'x-timer': 'S1477089326.250400,VS0,VE14695',
36 verbose headers   vary: 'Accept-Encoding' }
37 verbose request invalidating C:\Users\usuario\AppData\Roaming\npm-cache\registry.npmjs.org\hexo-deployer-azure-blob-storage on PUT
38 error publish Failed PUT 403
39 verbose stack Error: "You cannot publish over the previously published version 1.0.1." : hexo-deployer-azure-blob-storage
39 verbose stack     at makeError (C:\Program Files\nodejs\node_modules\npm\node_modules\npm-registry-client\lib\request.js:264:12)
39 verbose stack     at CachingRegistryClient.<anonymous> (C:\Program Files\nodejs\node_modules\npm\node_modules\npm-registry-client\lib\request.js:252:14)
39 verbose stack     at Request._callback (C:\Program Files\nodejs\node_modules\npm\node_modules\npm-registry-client\lib\request.js:172:14)
39 verbose stack     at Request.self.callback (C:\Program Files\nodejs\node_modules\npm\node_modules\request\request.js:200:22)
39 verbose stack     at emitTwo (events.js:87:13)
39 verbose stack     at Request.emit (events.js:172:7)
39 verbose stack     at Request.<anonymous> (C:\Program Files\nodejs\node_modules\npm\node_modules\request\request.js:1067:10)
39 verbose stack     at emitOne (events.js:82:20)
39 verbose stack     at Request.emit (events.js:169:7)
39 verbose stack     at IncomingMessage.<anonymous> (C:\Program Files\nodejs\node_modules\npm\node_modules\request\request.js:988:12)
40 verbose statusCode 403
41 verbose pkgid hexo-deployer-azure-blob-storage
42 verbose cwd C:\Estudos\NodeJs\plugin\hexo-deployer-azure-blob-storage
43 error Windows_NT 10.0.14393
44 error argv "C:\\Program Files\\nodejs\\node.exe" "C:\\Program Files\\nodejs\\node_modules\\npm\\bin\\npm-cli.js" "publish"
45 error node v4.5.0
46 error npm  v2.15.9
47 error code E403
48 error "You cannot publish over the previously published version 1.0.1." : hexo-deployer-azure-blob-storage
49 error If you need help, you may report this error at:
49 error     <https://github.com/npm/npm/issues>
50 verbose exit [ 1, true ]
